  Validating architecture
  Validating sources
  Copying sources remotely to '192.168.1.105'
  Starting remote build
  Compiling sources:
  AP_PID.cpp
  Autopilot.cpp
C:\Users\tcool\Desktop\pi_copterVS\pi_copterVS\helper_3dmath.h(82,36): warning : conversion to ‘float’ from ‘double’ may alter its value [-Wfloat-conversion]
C:\Users\tcool\Desktop\pi_copterVS\pi_copterVS\helper_3dmath.h(119,30): warning : conversion to ‘float’ from ‘double’ may alter its value [-Wfloat-conversion]
C:\Users\tcool\Desktop\pi_copterVS\pi_copterVS\helper_3dmath.h(124,5): warning : conversion to ‘int16_t {aka short int}’ from ‘float’ may alter its value [-Wfloat-conversion]
C:\Users\tcool\Desktop\pi_copterVS\pi_copterVS\helper_3dmath.h(125,5): warning : conversion to ‘int16_t {aka short int}’ from ‘float’ may alter its value [-Wfloat-conversion]
C:\Users\tcool\Desktop\pi_copterVS\pi_copterVS\helper_3dmath.h(126,5): warning : conversion to ‘int16_t {aka short int}’ from ‘float’ may alter its value [-Wfloat-conversion]
C:\Users\tcool\Desktop\pi_copterVS\pi_copterVS\helper_3dmath.h(155,5): warning : conversion to ‘int16_t {aka short int}’ from ‘float’ may alter its value [-Wfloat-conversion]
C:\Users\tcool\Desktop\pi_copterVS\pi_copterVS\helper_3dmath.h(156,5): warning : conversion to ‘int16_t {aka short int}’ from ‘float’ may alter its value [-Wfloat-conversion]
C:\Users\tcool\Desktop\pi_copterVS\pi_copterVS\helper_3dmath.h(157,5): warning : conversion to ‘int16_t {aka short int}’ from ‘float’ may alter its value [-Wfloat-conversion]
C:\Users\tcool\Desktop\pi_copterVS\pi_copterVS\helper_3dmath.h(186,30): warning : conversion to ‘float’ from ‘double’ may alter its value [-Wfloat-conversion]
  Balance.cpp
C:\Users\tcool\Desktop\pi_copterVS\pi_copterVS\helper_3dmath.h(82,36): warning : conversion to ‘float’ from ‘double’ may alter its value [-Wfloat-conversion]
C:\Users\tcool\Desktop\pi_copterVS\pi_copterVS\helper_3dmath.h(119,30): warning : conversion to ‘float’ from ‘double’ may alter its value [-Wfloat-conversion]
C:\Users\tcool\Desktop\pi_copterVS\pi_copterVS\helper_3dmath.h(124,5): warning : conversion to ‘int16_t {aka short int}’ from ‘float’ may alter its value [-Wfloat-conversion]
C:\Users\tcool\Desktop\pi_copterVS\pi_copterVS\helper_3dmath.h(125,5): warning : conversion to ‘int16_t {aka short int}’ from ‘float’ may alter its value [-Wfloat-conversion]
C:\Users\tcool\Desktop\pi_copterVS\pi_copterVS\helper_3dmath.h(126,5): warning : conversion to ‘int16_t {aka short int}’ from ‘float’ may alter its value [-Wfloat-conversion]
C:\Users\tcool\Desktop\pi_copterVS\pi_copterVS\helper_3dmath.h(155,5): warning : conversion to ‘int16_t {aka short int}’ from ‘float’ may alter its value [-Wfloat-conversion]
C:\Users\tcool\Desktop\pi_copterVS\pi_copterVS\helper_3dmath.h(156,5): warning : conversion to ‘int16_t {aka short int}’ from ‘float’ may alter its value [-Wfloat-conversion]
C:\Users\tcool\Desktop\pi_copterVS\pi_copterVS\helper_3dmath.h(157,5): warning : conversion to ‘int16_t {aka short int}’ from ‘float’ may alter its value [-Wfloat-conversion]
C:\Users\tcool\Desktop\pi_copterVS\pi_copterVS\helper_3dmath.h(186,30): warning : conversion to ‘float’ from ‘double’ may alter its value [-Wfloat-conversion]
  commander.cpp
C:\Users\tcool\Desktop\pi_copterVS\pi_copterVS\helper_3dmath.h(82,36): warning : conversion to ‘float’ from ‘double’ may alter its value [-Wfloat-conversion]
C:\Users\tcool\Desktop\pi_copterVS\pi_copterVS\helper_3dmath.h(119,30): warning : conversion to ‘float’ from ‘double’ may alter its value [-Wfloat-conversion]
C:\Users\tcool\Desktop\pi_copterVS\pi_copterVS\helper_3dmath.h(124,5): warning : conversion to ‘int16_t {aka short int}’ from ‘float’ may alter its value [-Wfloat-conversion]
C:\Users\tcool\Desktop\pi_copterVS\pi_copterVS\helper_3dmath.h(125,5): warning : conversion to ‘int16_t {aka short int}’ from ‘float’ may alter its value [-Wfloat-conversion]
C:\Users\tcool\Desktop\pi_copterVS\pi_copterVS\helper_3dmath.h(126,5): warning : conversion to ‘int16_t {aka short int}’ from ‘float’ may alter its value [-Wfloat-conversion]
C:\Users\tcool\Desktop\pi_copterVS\pi_copterVS\helper_3dmath.h(155,5): warning : conversion to ‘int16_t {aka short int}’ from ‘float’ may alter its value [-Wfloat-conversion]
C:\Users\tcool\Desktop\pi_copterVS\pi_copterVS\helper_3dmath.h(156,5): warning : conversion to ‘int16_t {aka short int}’ from ‘float’ may alter its value [-Wfloat-conversion]
C:\Users\tcool\Desktop\pi_copterVS\pi_copterVS\helper_3dmath.h(157,5): warning : conversion to ‘int16_t {aka short int}’ from ‘float’ may alter its value [-Wfloat-conversion]
C:\Users\tcool\Desktop\pi_copterVS\pi_copterVS\helper_3dmath.h(186,30): warning : conversion to ‘float’ from ‘double’ may alter its value [-Wfloat-conversion]
  debug.cpp
C:\Users\tcool\Desktop\pi_copterVS\pi_copterVS\helper_3dmath.h(82,36): warning : conversion to ‘float’ from ‘double’ may alter its value [-Wfloat-conversion]
C:\Users\tcool\Desktop\pi_copterVS\pi_copterVS\helper_3dmath.h(119,30): warning : conversion to ‘float’ from ‘double’ may alter its value [-Wfloat-conversion]
C:\Users\tcool\Desktop\pi_copterVS\pi_copterVS\helper_3dmath.h(124,5): warning : conversion to ‘int16_t {aka short int}’ from ‘float’ may alter its value [-Wfloat-conversion]
C:\Users\tcool\Desktop\pi_copterVS\pi_copterVS\helper_3dmath.h(125,5): warning : conversion to ‘int16_t {aka short int}’ from ‘float’ may alter its value [-Wfloat-conversion]
C:\Users\tcool\Desktop\pi_copterVS\pi_copterVS\helper_3dmath.h(126,5): warning : conversion to ‘int16_t {aka short int}’ from ‘float’ may alter its value [-Wfloat-conversion]
C:\Users\tcool\Desktop\pi_copterVS\pi_copterVS\helper_3dmath.h(155,5): warning : conversion to ‘int16_t {aka short int}’ from ‘float’ may alter its value [-Wfloat-conversion]
C:\Users\tcool\Desktop\pi_copterVS\pi_copterVS\helper_3dmath.h(156,5): warning : conversion to ‘int16_t {aka short int}’ from ‘float’ may alter its value [-Wfloat-conversion]
C:\Users\tcool\Desktop\pi_copterVS\pi_copterVS\helper_3dmath.h(157,5): warning : conversion to ‘int16_t {aka short int}’ from ‘float’ may alter its value [-Wfloat-conversion]
C:\Users\tcool\Desktop\pi_copterVS\pi_copterVS\helper_3dmath.h(186,30): warning : conversion to ‘float’ from ‘double’ may alter its value [-Wfloat-conversion]
  Direction.cpp
  Filter.cpp
  FilterTwoPole.cpp
C:\Users\tcool\Desktop\pi_copterVS\pi_copterVS\FilterTwoPole.cpp(75,13): warning : conversion to ‘long int’ from ‘int64_t {aka long long int}’ may alter its value [-Wconversion]
C:\Users\tcool\Desktop\pi_copterVS\pi_copterVS\FilterTwoPole.cpp(126,21): warning : conversion to ‘long int’ from ‘int64_t {aka long long int}’ may alter its value [-Wconversion]
C:\Users\tcool\Desktop\pi_copterVS\pi_copterVS\FilterTwoPole.cpp(165,50): warning : conversion to ‘float’ from ‘double’ may alter its value [-Wfloat-conversion]
C:\Users\tcool\Desktop\pi_copterVS\pi_copterVS\FilterTwoPole.cpp(173,24): warning : conversion to ‘float’ from ‘double’ may alter its value [-Wfloat-conversion]
C:\Users\tcool\Desktop\pi_copterVS\pi_copterVS\FilterTwoPole.cpp(178,19): warning : ISO C++ forbids converting a string constant to ‘char*’ [-Wwrite-strings]
C:\Users\tcool\Desktop\pi_copterVS\pi_copterVS\FilterTwoPole.cpp(178,42): warning : conversion to ‘char’ from ‘float’ may alter its value [-Wfloat-conversion]
C:\Users\tcool\Desktop\pi_copterVS\pi_copterVS\FilterTwoPole.cpp(179,23): warning : ISO C++ forbids converting a string constant to ‘char*’ [-Wwrite-strings]
C:\Users\tcool\Desktop\pi_copterVS\pi_copterVS\FilterTwoPole.cpp(179,46): warning : conversion to ‘char’ from ‘float’ may alter its value [-Wfloat-conversion]
C:\Users\tcool\Desktop\pi_copterVS\pi_copterVS\FilterTwoPole.cpp(180,17): warning : ISO C++ forbids converting a string constant to ‘char*’ [-Wwrite-strings]
C:\Users\tcool\Desktop\pi_copterVS\pi_copterVS\FilterTwoPole.cpp(184,26): warning : conversion to ‘float’ alters ‘double’ constant value [-Wfloat-conversion]
C:\Users\tcool\Desktop\pi_copterVS\pi_copterVS\FilterTwoPole.cpp(185,45): warning : conversion to ‘float’ from ‘double’ may alter its value [-Wfloat-conversion]
C:\Users\tcool\Desktop\pi_copterVS\pi_copterVS\FilterTwoPole.cpp(188,31): warning : conversion to ‘float’ alters ‘double’ constant value [-Wfloat-conversion]
C:\Users\tcool\Desktop\pi_copterVS\pi_copterVS\FilterTwoPole.cpp(191,36): warning : conversion to ‘float’ from ‘double’ may alter its value [-Wfloat-conversion]
C:\Users\tcool\Desktop\pi_copterVS\pi_copterVS\FilterTwoPole.cpp(206,31): warning : ISO C++ forbids converting a string constant to ‘char*’ [-Wwrite-strings]
C:\Users\tcool\Desktop\pi_copterVS\pi_copterVS\FilterTwoPole.cpp(206,56): warning : conversion to ‘char’ from ‘float’ may alter its value [-Wfloat-conversion]
C:\Users\tcool\Desktop\pi_copterVS\pi_copterVS\FilterTwoPole.cpp(207,30): warning : ISO C++ forbids converting a string constant to ‘char*’ [-Wwrite-strings]
C:\Users\tcool\Desktop\pi_copterVS\pi_copterVS\FilterTwoPole.cpp(207,57): warning : conversion to ‘char’ from ‘float’ may alter its value [-Wfloat-conversion]
  FIND.cpp
  GeoDot.cpp
  GPS.cpp
C:\Users\tcool\Desktop\pi_copterVS\pi_copterVS\helper_3dmath.h(82,36): warning : conversion to ‘float’ from ‘double’ may alter its value [-Wfloat-conversion]
C:\Users\tcool\Desktop\pi_copterVS\pi_copterVS\helper_3dmath.h(119,30): warning : conversion to ‘float’ from ‘double’ may alter its value [-Wfloat-conversion]
C:\Users\tcool\Desktop\pi_copterVS\pi_copterVS\helper_3dmath.h(124,5): warning : conversion to ‘int16_t {aka short int}’ from ‘float’ may alter its value [-Wfloat-conversion]
C:\Users\tcool\Desktop\pi_copterVS\pi_copterVS\helper_3dmath.h(125,5): warning : conversion to ‘int16_t {aka short int}’ from ‘float’ may alter its value [-Wfloat-conversion]
C:\Users\tcool\Desktop\pi_copterVS\pi_copterVS\helper_3dmath.h(126,5): warning : conversion to ‘int16_t {aka short int}’ from ‘float’ may alter its value [-Wfloat-conversion]
C:\Users\tcool\Desktop\pi_copterVS\pi_copterVS\helper_3dmath.h(155,5): warning : conversion to ‘int16_t {aka short int}’ from ‘float’ may alter its value [-Wfloat-conversion]
C:\Users\tcool\Desktop\pi_copterVS\pi_copterVS\helper_3dmath.h(156,5): warning : conversion to ‘int16_t {aka short int}’ from ‘float’ may alter its value [-Wfloat-conversion]
C:\Users\tcool\Desktop\pi_copterVS\pi_copterVS\helper_3dmath.h(157,5): warning : conversion to ‘int16_t {aka short int}’ from ‘float’ may alter its value [-Wfloat-conversion]
C:\Users\tcool\Desktop\pi_copterVS\pi_copterVS\helper_3dmath.h(186,30): warning : conversion to ‘float’ from ‘double’ may alter its value [-Wfloat-conversion]
C:\Users\tcool\Desktop\pi_copterVS\pi_copterVS\GPS.cpp(169,24): warning : conversion to ‘float’ from ‘int’ may alter its value [-Wconversion]
C:\Users\tcool\Desktop\pi_copterVS\pi_copterVS\GPS.cpp(170,24): warning : conversion to ‘float’ from ‘int’ may alter its value [-Wconversion]
  Hmc.cpp
C:\Users\tcool\Desktop\pi_copterVS\pi_copterVS\helper_3dmath.h(82,36): warning : conversion to ‘float’ from ‘double’ may alter its value [-Wfloat-conversion]
C:\Users\tcool\Desktop\pi_copterVS\pi_copterVS\helper_3dmath.h(119,30): warning : conversion to ‘float’ from ‘double’ may alter its value [-Wfloat-conversion]
C:\Users\tcool\Desktop\pi_copterVS\pi_copterVS\helper_3dmath.h(124,5): warning : conversion to ‘int16_t {aka short int}’ from ‘float’ may alter its value [-Wfloat-conversion]
C:\Users\tcool\Desktop\pi_copterVS\pi_copterVS\helper_3dmath.h(125,5): warning : conversion to ‘int16_t {aka short int}’ from ‘float’ may alter its value [-Wfloat-conversion]
C:\Users\tcool\Desktop\pi_copterVS\pi_copterVS\helper_3dmath.h(126,5): warning : conversion to ‘int16_t {aka short int}’ from ‘float’ may alter its value [-Wfloat-conversion]
C:\Users\tcool\Desktop\pi_copterVS\pi_copterVS\helper_3dmath.h(155,5): warning : conversion to ‘int16_t {aka short int}’ from ‘float’ may alter its value [-Wfloat-conversion]
C:\Users\tcool\Desktop\pi_copterVS\pi_copterVS\helper_3dmath.h(156,5): warning : conversion to ‘int16_t {aka short int}’ from ‘float’ may alter its value [-Wfloat-conversion]
C:\Users\tcool\Desktop\pi_copterVS\pi_copterVS\helper_3dmath.h(157,5): warning : conversion to ‘int16_t {aka short int}’ from ‘float’ may alter its value [-Wfloat-conversion]
C:\Users\tcool\Desktop\pi_copterVS\pi_copterVS\helper_3dmath.h(186,30): warning : conversion to ‘float’ from ‘double’ may alter its value [-Wfloat-conversion]
C:\Users\tcool\Desktop\pi_copterVS\pi_copterVS\Hmc.cpp(198,5): warning : conversion to ‘int16_t {aka short int}’ from ‘int’ may alter its value [-Wconversion]
C:\Users\tcool\Desktop\pi_copterVS\pi_copterVS\Hmc.cpp(199,5): warning : conversion to ‘int16_t {aka short int}’ from ‘int’ may alter its value [-Wconversion]
C:\Users\tcool\Desktop\pi_copterVS\pi_copterVS\Hmc.cpp(200,5): warning : conversion to ‘int16_t {aka short int}’ from ‘int’ may alter its value [-Wconversion]
C:\Users\tcool\Desktop\pi_copterVS\pi_copterVS\Hmc.cpp(214,5): warning : conversion to ‘int16_t {aka short int}’ from ‘int’ may alter its value [-Wconversion]
C:\Users\tcool\Desktop\pi_copterVS\pi_copterVS\Hmc.cpp(215,5): warning : conversion to ‘int16_t {aka short int}’ from ‘int’ may alter its value [-Wconversion]
C:\Users\tcool\Desktop\pi_copterVS\pi_copterVS\Hmc.cpp(325,6): warning : conversion to ‘int16_t {aka short int}’ from ‘int’ may alter its value [-Wconversion]
C:\Users\tcool\Desktop\pi_copterVS\pi_copterVS\Hmc.cpp(326,6): warning : conversion to ‘int16_t {aka short int}’ from ‘int’ may alter its value [-Wconversion]
C:\Users\tcool\Desktop\pi_copterVS\pi_copterVS\Hmc.cpp(327,6): warning : conversion to ‘int16_t {aka short int}’ from ‘int’ may alter its value [-Wconversion]
  I2Cdev.cpp
C:\Users\tcool\Desktop\pi_copterVS\pi_copterVS\I2Cdev.cpp(79,11): warning : conversion to ‘uint8_t {aka unsigned char}’ from ‘int’ may alter its value [-Wconversion]
C:\Users\tcool\Desktop\pi_copterVS\pi_copterVS\I2Cdev.cpp(94,11): warning : conversion to ‘uint16_t {aka short unsigned int}’ from ‘int’ may alter its value [-Wconversion]
C:\Users\tcool\Desktop\pi_copterVS\pi_copterVS\I2Cdev.cpp(115,69): warning : conversion to ‘uint8_t {aka unsigned char}’ from ‘int’ may alter its value [-Wconversion]
C:\Users\tcool\Desktop\pi_copterVS\pi_copterVS\I2Cdev.cpp(117,11): warning : conversion to ‘uint8_t {aka unsigned char}’ from ‘int’ may alter its value [-Wconversion]
C:\Users\tcool\Desktop\pi_copterVS\pi_copterVS\I2Cdev.cpp(141,70): warning : conversion to ‘uint16_t {aka short unsigned int}’ from ‘int’ may alter its value [-Wconversion]
C:\Users\tcool\Desktop\pi_copterVS\pi_copterVS\I2Cdev.cpp(143,11): warning : conversion to ‘uint16_t {aka short unsigned int}’ from ‘int’ may alter its value [-Wconversion]
C:\Users\tcool\Desktop\pi_copterVS\pi_copterVS\I2Cdev.cpp(200,11): warning : conversion to ‘int8_t {aka signed char}’ from ‘ssize_t {aka int}’ may alter its value [-Wconversion]
C:\Users\tcool\Desktop\pi_copterVS\pi_copterVS\I2Cdev.cpp(243,7): warning : conversion to ‘uint8_t {aka unsigned char}’ from ‘int’ may alter its value [-Wconversion]
C:\Users\tcool\Desktop\pi_copterVS\pi_copterVS\I2Cdev.cpp(243,7): warning : conversion to ‘uint8_t {aka unsigned char}’ from ‘int’ may alter its value [-Wconversion]
C:\Users\tcool\Desktop\pi_copterVS\pi_copterVS\I2Cdev.cpp(257,7): warning : conversion to ‘uint16_t {aka short unsigned int}’ from ‘int’ may alter its value [-Wconversion]
C:\Users\tcool\Desktop\pi_copterVS\pi_copterVS\I2Cdev.cpp(257,7): warning : conversion to ‘uint16_t {aka short unsigned int}’ from ‘int’ may alter its value [-Wconversion]
C:\Users\tcool\Desktop\pi_copterVS\pi_copterVS\I2Cdev.cpp(279,69): warning : conversion to ‘uint8_t {aka unsigned char}’ from ‘int’ may alter its value [-Wconversion]
C:\Users\tcool\Desktop\pi_copterVS\pi_copterVS\I2Cdev.cpp(280,14): warning : conversion to ‘uint8_t {aka unsigned char}’ from ‘int’ may alter its value [-Wconversion]
C:\Users\tcool\Desktop\pi_copterVS\pi_copterVS\I2Cdev.cpp(282,11): warning : conversion to ‘uint8_t {aka unsigned char}’ from ‘int’ may alter its value [-Wconversion]
C:\Users\tcool\Desktop\pi_copterVS\pi_copterVS\I2Cdev.cpp(308,69): warning : conversion to ‘uint8_t {aka unsigned char}’ from ‘int’ may alter its value [-Wconversion]
C:\Users\tcool\Desktop\pi_copterVS\pi_copterVS\I2Cdev.cpp(309,14): warning : conversion to ‘uint16_t {aka short unsigned int}’ from ‘int’ may alter its value [-Wconversion]
C:\Users\tcool\Desktop\pi_copterVS\pi_copterVS\I2Cdev.cpp(310,14): warning : conversion to ‘uint16_t {aka short unsigned int}’ from ‘int’ may alter its value [-Wconversion]
C:\Users\tcool\Desktop\pi_copterVS\pi_copterVS\I2Cdev.cpp(311,11): warning : conversion to ‘uint16_t {aka short unsigned int}’ from ‘int’ may alter its value [-Wconversion]
C:\Users\tcool\Desktop\pi_copterVS\pi_copterVS\I2Cdev.cpp(371,11): warning : conversion to ‘int8_t {aka signed char}’ from ‘ssize_t {aka int}’ may alter its value [-Wconversion]
C:\Users\tcool\Desktop\pi_copterVS\pi_copterVS\I2Cdev.cpp(418,20): warning : conversion to ‘uint8_t {aka unsigned char}’ from ‘int’ may alter its value [-Wconversion]
C:\Users\tcool\Desktop\pi_copterVS\pi_copterVS\I2Cdev.cpp(419,20): warning : conversion to ‘uint8_t {aka unsigned char}’ from ‘uint16_t {aka short unsigned int}’ may alter its value [-Wconversion]
C:\Users\tcool\Desktop\pi_copterVS\pi_copterVS\I2Cdev.cpp(421,11): warning : conversion to ‘int8_t {aka signed char}’ from ‘ssize_t {aka int}’ may alter its value [-Wconversion]
  inv_mpu.cpp
C:\Users\tcool\Desktop\pi_copterVS\pi_copterVS\inv_mpu.cpp(678,6): warning : conversion to ‘uint8_t {aka unsigned char}’ from ‘int’ may alter its value [-Wconversion]
C:\Users\tcool\Desktop\pi_copterVS\pi_copterVS\inv_mpu.cpp(859,9): warning : conversion to ‘uint8_t {aka unsigned char}’ from ‘int’ may alter its value [-Wconversion]
C:\Users\tcool\Desktop\pi_copterVS\pi_copterVS\inv_mpu.cpp(912,10): warning : conversion to ‘int16_t {aka short int}’ from ‘int’ may alter its value [-Wconversion]
C:\Users\tcool\Desktop\pi_copterVS\pi_copterVS\inv_mpu.cpp(913,10): warning : conversion to ‘int16_t {aka short int}’ from ‘int’ may alter its value [-Wconversion]
C:\Users\tcool\Desktop\pi_copterVS\pi_copterVS\inv_mpu.cpp(914,10): warning : conversion to ‘int16_t {aka short int}’ from ‘int’ may alter its value [-Wconversion]
C:\Users\tcool\Desktop\pi_copterVS\pi_copterVS\inv_mpu.cpp(932,10): warning : conversion to ‘int16_t {aka short int}’ from ‘int’ may alter its value [-Wconversion]
C:\Users\tcool\Desktop\pi_copterVS\pi_copterVS\inv_mpu.cpp(933,10): warning : conversion to ‘int16_t {aka short int}’ from ‘int’ may alter its value [-Wconversion]
C:\Users\tcool\Desktop\pi_copterVS\pi_copterVS\inv_mpu.cpp(934,10): warning : conversion to ‘int16_t {aka short int}’ from ‘int’ may alter its value [-Wconversion]
C:\Users\tcool\Desktop\pi_copterVS\pi_copterVS\inv_mpu.cpp(953,6): warning : conversion to ‘int16_t {aka short int}’ from ‘int’ may alter its value [-Wconversion]
C:\Users\tcool\Desktop\pi_copterVS\pi_copterVS\inv_mpu.cpp(991,15): warning : conversion to ‘int16_t {aka short int}’ from ‘int’ may alter its value [-Wconversion]
C:\Users\tcool\Desktop\pi_copterVS\pi_copterVS\inv_mpu.cpp(992,15): warning : conversion to ‘int16_t {aka short int}’ from ‘int’ may alter its value [-Wconversion]
C:\Users\tcool\Desktop\pi_copterVS\pi_copterVS\inv_mpu.cpp(993,15): warning : conversion to ‘int16_t {aka short int}’ from ‘int’ may alter its value [-Wconversion]
C:\Users\tcool\Desktop\pi_copterVS\pi_copterVS\inv_mpu.cpp(995,14): warning : conversion to ‘int16_t {aka short int}’ from ‘int’ may alter its value [-Wconversion]
C:\Users\tcool\Desktop\pi_copterVS\pi_copterVS\inv_mpu.cpp(996,14): warning : conversion to ‘int16_t {aka short int}’ from ‘int’ may alter its value [-Wconversion]
C:\Users\tcool\Desktop\pi_copterVS\pi_copterVS\inv_mpu.cpp(997,14): warning : conversion to ‘int16_t {aka short int}’ from ‘int’ may alter its value [-Wconversion]
C:\Users\tcool\Desktop\pi_copterVS\pi_copterVS\inv_mpu.cpp(999,10): warning : conversion to ‘uint8_t {aka unsigned char}’ from ‘int’ may alter its value [-Wconversion]
C:\Users\tcool\Desktop\pi_copterVS\pi_copterVS\inv_mpu.cpp(1000,10): warning : conversion to ‘uint8_t {aka unsigned char}’ from ‘int’ may alter its value [-Wconversion]
C:\Users\tcool\Desktop\pi_copterVS\pi_copterVS\inv_mpu.cpp(1001,10): warning : conversion to ‘uint8_t {aka unsigned char}’ from ‘int’ may alter its value [-Wconversion]
C:\Users\tcool\Desktop\pi_copterVS\pi_copterVS\inv_mpu.cpp(1002,10): warning : conversion to ‘uint8_t {aka unsigned char}’ from ‘int’ may alter its value [-Wconversion]
C:\Users\tcool\Desktop\pi_copterVS\pi_copterVS\inv_mpu.cpp(1003,10): warning : conversion to ‘uint8_t {aka unsigned char}’ from ‘int’ may alter its value [-Wconversion]
C:\Users\tcool\Desktop\pi_copterVS\pi_copterVS\inv_mpu.cpp(1004,10): warning : conversion to ‘uint8_t {aka unsigned char}’ from ‘int’ may alter its value [-Wconversion]
C:\Users\tcool\Desktop\pi_copterVS\pi_copterVS\inv_mpu.cpp(1137,23): warning : conversion to ‘uint8_t {aka unsigned char}’ from ‘int’ may alter its value [-Wconversion]
C:\Users\tcool\Desktop\pi_copterVS\pi_copterVS\inv_mpu.cpp(1166,10): warning : conversion to ‘uint8_t {aka unsigned char}’ from ‘int’ may alter its value [-Wconversion]
C:\Users\tcool\Desktop\pi_copterVS\pi_copterVS\inv_mpu.cpp(1204,24): warning : conversion to ‘uint8_t {aka unsigned char}’ from ‘int’ may alter its value [-Wconversion]
C:\Users\tcool\Desktop\pi_copterVS\pi_copterVS\inv_mpu.cpp(1314,27): warning : conversion to ‘uint8_t {aka unsigned char}’ from ‘uint16_t {aka short unsigned int}’ may alter its value [-Wconversion]
C:\Users\tcool\Desktop\pi_copterVS\pi_copterVS\inv_mpu.cpp(1327,8): warning : conversion to ‘uint8_t {aka unsigned char}’ from ‘int’ may alter its value [-Wconversion]
C:\Users\tcool\Desktop\pi_copterVS\pi_copterVS\inv_mpu.cpp(1331,27): warning : conversion to ‘uint16_t {aka short unsigned int}’ from ‘int’ may alter its value [-Wconversion]
C:\Users\tcool\Desktop\pi_copterVS\pi_copterVS\inv_mpu.cpp(1338,43): warning : conversion to ‘uint16_t {aka short unsigned int}’ from ‘int’ may alter its value [-Wconversion]
C:\Users\tcool\Desktop\pi_copterVS\pi_copterVS\inv_mpu.cpp(1439,11): warning : conversion to ‘uint16_t {aka short unsigned int}’ from ‘int’ may alter its value [-Wconversion]
C:\Users\tcool\Desktop\pi_copterVS\pi_copterVS\inv_mpu.cpp(1473,10): warning : conversion to ‘uint8_t {aka unsigned char}’ from ‘int’ may alter its value [-Wconversion]
C:\Users\tcool\Desktop\pi_copterVS\pi_copterVS\inv_mpu.cpp(1504,9): warning : conversion to ‘uint8_t {aka unsigned char}’ from ‘int’ may alter its value [-Wconversion]
C:\Users\tcool\Desktop\pi_copterVS\pi_copterVS\inv_mpu.cpp(1549,22): warning : conversion to ‘uint8_t {aka unsigned char}’ from ‘int’ may alter its value [-Wconversion]
C:\Users\tcool\Desktop\pi_copterVS\pi_copterVS\inv_mpu.cpp(1620,12): warning : conversion to ‘int16_t {aka short int}’ from ‘int’ may alter its value [-Wconversion]
C:\Users\tcool\Desktop\pi_copterVS\pi_copterVS\inv_mpu.cpp(1659,15): warning : conversion to ‘uint8_t {aka unsigned char}’ from ‘int’ may alter its value [-Wconversion]
C:\Users\tcool\Desktop\pi_copterVS\pi_copterVS\inv_mpu.cpp(1661,15): warning : conversion to ‘uint8_t {aka unsigned char}’ from ‘int’ may alter its value [-Wconversion]
C:\Users\tcool\Desktop\pi_copterVS\pi_copterVS\inv_mpu.cpp(1663,15): warning : conversion to ‘uint8_t {aka unsigned char}’ from ‘int’ may alter its value [-Wconversion]
C:\Users\tcool\Desktop\pi_copterVS\pi_copterVS\inv_mpu.cpp(1665,15): warning : conversion to ‘uint8_t {aka unsigned char}’ from ‘int’ may alter its value [-Wconversion]
C:\Users\tcool\Desktop\pi_copterVS\pi_copterVS\inv_mpu.cpp(1669,13): warning : conversion to ‘uint16_t {aka short unsigned int}’ from ‘int’ may alter its value [-Wconversion]
C:\Users\tcool\Desktop\pi_copterVS\pi_copterVS\inv_mpu.cpp(1689,10): warning : conversion to ‘uint8_t {aka unsigned char}’ from ‘int’ may alter its value [-Wconversion]
C:\Users\tcool\Desktop\pi_copterVS\pi_copterVS\inv_mpu.cpp(1694,12): warning : conversion to ‘int16_t {aka short int}’ from ‘int’ may alter its value [-Wconversion]
C:\Users\tcool\Desktop\pi_copterVS\pi_copterVS\inv_mpu.cpp(1695,12): warning : conversion to ‘int16_t {aka short int}’ from ‘int’ may alter its value [-Wconversion]
C:\Users\tcool\Desktop\pi_copterVS\pi_copterVS\inv_mpu.cpp(1696,12): warning : conversion to ‘int16_t {aka short int}’ from ‘int’ may alter its value [-Wconversion]
C:\Users\tcool\Desktop\pi_copterVS\pi_copterVS\inv_mpu.cpp(1698,9): warning : conversion to ‘uint16_t {aka short unsigned int}’ from ‘int’ may alter its value [-Wconversion]
C:\Users\tcool\Desktop\pi_copterVS\pi_copterVS\inv_mpu.cpp(1702,11): warning : conversion to ‘int16_t {aka short int}’ from ‘int’ may alter its value [-Wconversion]
C:\Users\tcool\Desktop\pi_copterVS\pi_copterVS\inv_mpu.cpp(1704,9): warning : conversion to ‘uint16_t {aka short unsigned int}’ from ‘int’ may alter its value [-Wconversion]
C:\Users\tcool\Desktop\pi_copterVS\pi_copterVS\inv_mpu.cpp(1708,11): warning : conversion to ‘int16_t {aka short int}’ from ‘int’ may alter its value [-Wconversion]
C:\Users\tcool\Desktop\pi_copterVS\pi_copterVS\inv_mpu.cpp(1710,9): warning : conversion to ‘uint16_t {aka short unsigned int}’ from ‘int’ may alter its value [-Wconversion]
C:\Users\tcool\Desktop\pi_copterVS\pi_copterVS\inv_mpu.cpp(1714,11): warning : conversion to ‘int16_t {aka short int}’ from ‘int’ may alter its value [-Wconversion]
C:\Users\tcool\Desktop\pi_copterVS\pi_copterVS\inv_mpu.cpp(1716,9): warning : conversion to ‘uint16_t {aka short unsigned int}’ from ‘int’ may alter its value [-Wconversion]
C:\Users\tcool\Desktop\pi_copterVS\pi_copterVS\inv_mpu.cpp(1745,13): warning : conversion to ‘uint16_t {aka short unsigned int}’ from ‘int’ may alter its value [-Wconversion]
C:\Users\tcool\Desktop\pi_copterVS\pi_copterVS\inv_mpu.cpp(44,48): warning : conversion to ‘uint8_t {aka unsigned char}’ from ‘uint16_t {aka short unsigned int}’ may alter its value [-Wconversion]
C:\Users\tcool\Desktop\pi_copterVS\pi_copterVS\inv_mpu.cpp(1768,10): warning : conversion to ‘uint8_t {aka unsigned char}’ from ‘int’ may alter its value [-Wconversion]
C:\Users\tcool\Desktop\pi_copterVS\pi_copterVS\inv_mpu.cpp(1788,7): warning : conversion to ‘uint8_t {aka unsigned char}’ from ‘int’ may alter its value [-Wconversion]
C:\Users\tcool\Desktop\pi_copterVS\pi_copterVS\inv_mpu.cpp(1808,8): warning : conversion to ‘uint8_t {aka unsigned char}’ from ‘int’ may alter its value [-Wconversion]
C:\Users\tcool\Desktop\pi_copterVS\pi_copterVS\inv_mpu.cpp(1870,16): warning : conversion to ‘uint8_t {aka unsigned char}’ from ‘int’ may alter its value [-Wconversion]
C:\Users\tcool\Desktop\pi_copterVS\pi_copterVS\inv_mpu.cpp(1871,16): warning : conversion to ‘uint8_t {aka unsigned char}’ from ‘int’ may alter its value [-Wconversion]
C:\Users\tcool\Desktop\pi_copterVS\pi_copterVS\inv_mpu.cpp(1872,16): warning : conversion to ‘uint8_t {aka unsigned char}’ from ‘int’ may alter its value [-Wconversion]
C:\Users\tcool\Desktop\pi_copterVS\pi_copterVS\inv_mpu.cpp(1898,58): warning : conversion to ‘float’ from ‘long int’ may alter its value [-Wconversion]
C:\Users\tcool\Desktop\pi_copterVS\pi_copterVS\inv_mpu.cpp(1928,58): warning : conversion to ‘float’ from ‘long int’ may alter its value [-Wconversion]
C:\Users\tcool\Desktop\pi_copterVS\pi_copterVS\inv_mpu.cpp(1931,29): warning : conversion to ‘float’ from ‘unsigned int’ may alter its value [-Wconversion]
C:\Users\tcool\Desktop\pi_copterVS\pi_copterVS\inv_mpu.cpp(2065,13): warning : conversion to ‘uint16_t {aka short unsigned int}’ from ‘int’ may alter its value [-Wconversion]
C:\Users\tcool\Desktop\pi_copterVS\pi_copterVS\inv_mpu.cpp(2066,15): warning : conversion to ‘uint8_t {aka unsigned char}’ from ‘int’ may alter its value [-Wconversion]
C:\Users\tcool\Desktop\pi_copterVS\pi_copterVS\inv_mpu.cpp(2075,16): warning : conversion to ‘int16_t {aka short int}’ from ‘int’ may alter its value [-Wconversion]
C:\Users\tcool\Desktop\pi_copterVS\pi_copterVS\inv_mpu.cpp(2076,16): warning : conversion to ‘int16_t {aka short int}’ from ‘int’ may alter its value [-Wconversion]
C:\Users\tcool\Desktop\pi_copterVS\pi_copterVS\inv_mpu.cpp(2077,16): warning : conversion to ‘int16_t {aka short int}’ from ‘int’ may alter its value [-Wconversion]
C:\Users\tcool\Desktop\pi_copterVS\pi_copterVS\inv_mpu.cpp(2081,15): warning : conversion to ‘int16_t {aka short int}’ from ‘int’ may alter its value [-Wconversion]
C:\Users\tcool\Desktop\pi_copterVS\pi_copterVS\inv_mpu.cpp(2082,15): warning : conversion to ‘int16_t {aka short int}’ from ‘int’ may alter its value [-Wconversion]
C:\Users\tcool\Desktop\pi_copterVS\pi_copterVS\inv_mpu.cpp(2083,15): warning : conversion to ‘int16_t {aka short int}’ from ‘int’ may alter its value [-Wconversion]
C:\Users\tcool\Desktop\pi_copterVS\pi_copterVS\inv_mpu.cpp(2197,15): warning : conversion to ‘uint8_t {aka unsigned char}’ from ‘int’ may alter its value [-Wconversion]
C:\Users\tcool\Desktop\pi_copterVS\pi_copterVS\inv_mpu.cpp(2198,14): warning : conversion to ‘uint8_t {aka unsigned char}’ from ‘int’ may alter its value [-Wconversion]
C:\Users\tcool\Desktop\pi_copterVS\pi_copterVS\inv_mpu.cpp(2237,9): warning : conversion to ‘uint8_t {aka unsigned char}’ from ‘int’ may alter its value [-Wconversion]
C:\Users\tcool\Desktop\pi_copterVS\pi_copterVS\inv_mpu.cpp(2268,58): warning : conversion to ‘uint8_t {aka unsigned char}’ from ‘uint16_t {aka short unsigned int}’ may alter its value [-Wconversion]
C:\Users\tcool\Desktop\pi_copterVS\pi_copterVS\inv_mpu.cpp(44,48): warning : conversion to ‘uint8_t {aka unsigned char}’ from ‘uint16_t {aka short unsigned int}’ may alter its value [-Wconversion]
C:\Users\tcool\Desktop\pi_copterVS\pi_copterVS\inv_mpu.cpp(2332,31): warning : conversion to ‘uint16_t {aka short unsigned int}’ from ‘int’ may alter its value [-Wconversion]
C:\Users\tcool\Desktop\pi_copterVS\pi_copterVS\inv_mpu.cpp(2334,14): warning : conversion to ‘uint16_t {aka short unsigned int}’ from ‘int’ may alter its value [-Wconversion]
C:\Users\tcool\Desktop\pi_copterVS\pi_copterVS\inv_mpu.cpp(2345,9): warning : conversion to ‘uint8_t {aka unsigned char}’ from ‘int’ may alter its value [-Wconversion]
C:\Users\tcool\Desktop\pi_copterVS\pi_copterVS\inv_mpu.cpp(2346,9): warning : conversion to ‘uint8_t {aka unsigned char}’ from ‘int’ may alter its value [-Wconversion]
C:\Users\tcool\Desktop\pi_copterVS\pi_copterVS\inv_mpu.cpp(2651,14): warning : conversion to ‘uint8_t {aka unsigned char}’ from ‘int’ may alter its value [-Wconversion]
C:\Users\tcool\Desktop\pi_copterVS\pi_copterVS\inv_mpu.cpp(2727,11): warning : conversion to ‘uint8_t {aka unsigned char}’ from ‘int’ may alter its value [-Wconversion]
C:\Users\tcool\Desktop\pi_copterVS\pi_copterVS\inv_mpu.cpp(2741,11): warning : conversion to ‘uint8_t {aka unsigned char}’ from ‘int’ may alter its value [-Wconversion]
C:\Users\tcool\Desktop\pi_copterVS\pi_copterVS\inv_mpu.cpp(2811,19): warning : comparison between signed and unsigned integer expressions [-Wsign-compare]
C:\Users\tcool\Desktop\pi_copterVS\pi_copterVS\inv_mpu.cpp(2230,34): warning : ‘sample_rate’ may be used uninitialized in this function [-Wmaybe-uninitialized]
C:\Users\tcool\Desktop\pi_copterVS\pi_copterVS\inv_mpu.cpp(1182,2): warning : ‘accel_fsr’ may be used uninitialized in this function [-Wmaybe-uninitialized]
C:\Users\tcool\Desktop\pi_copterVS\pi_copterVS\inv_mpu.cpp(2410,12): warning : ‘int setup_compass()’ defined but not used [-Wunused-function]
  inv_mpu_dmp_motion_driver.cpp
C:\Users\tcool\Desktop\pi_copterVS\pi_copterVS\inv_mpu_dmp_motion_driver.cpp(647,6): warning : conversion to ‘uint16_t {aka short unsigned int}’ from ‘int’ may alter its value [-Wconversion]
C:\Users\tcool\Desktop\pi_copterVS\pi_copterVS\inv_mpu_dmp_motion_driver.cpp(773,6): warning : conversion to ‘uint8_t {aka unsigned char}’ from ‘int’ may alter its value [-Wconversion]
C:\Users\tcool\Desktop\pi_copterVS\pi_copterVS\inv_mpu_dmp_motion_driver.cpp(840,9): warning : conversion to ‘uint8_t {aka unsigned char}’ from ‘int’ may alter its value [-Wconversion]
C:\Users\tcool\Desktop\pi_copterVS\pi_copterVS\inv_mpu_dmp_motion_driver.cpp(841,9): warning : conversion to ‘uint8_t {aka unsigned char}’ from ‘int’ may alter its value [-Wconversion]
C:\Users\tcool\Desktop\pi_copterVS\pi_copterVS\inv_mpu_dmp_motion_driver.cpp(858,9): warning : conversion to ‘uint8_t {aka unsigned char}’ from ‘int’ may alter its value [-Wconversion]
C:\Users\tcool\Desktop\pi_copterVS\pi_copterVS\inv_mpu_dmp_motion_driver.cpp(859,9): warning : conversion to ‘uint8_t {aka unsigned char}’ from ‘int’ may alter its value [-Wconversion]
C:\Users\tcool\Desktop\pi_copterVS\pi_copterVS\inv_mpu_dmp_motion_driver.cpp(1076,21): warning : conversion to ‘uint8_t {aka unsigned char}’ from ‘int’ may alter its value [-Wconversion]
C:\Users\tcool\Desktop\pi_copterVS\pi_copterVS\inv_mpu_dmp_motion_driver.cpp(1078,21): warning : conversion to ‘uint8_t {aka unsigned char}’ from ‘int’ may alter its value [-Wconversion]
C:\Users\tcool\Desktop\pi_copterVS\pi_copterVS\inv_mpu_dmp_motion_driver.cpp(1080,21): warning : conversion to ‘uint8_t {aka unsigned char}’ from ‘int’ may alter its value [-Wconversion]
C:\Users\tcool\Desktop\pi_copterVS\pi_copterVS\inv_mpu_dmp_motion_driver.cpp(1082,21): warning : conversion to ‘uint8_t {aka unsigned char}’ from ‘int’ may alter its value [-Wconversion]
C:\Users\tcool\Desktop\pi_copterVS\pi_copterVS\inv_mpu_dmp_motion_driver.cpp(1186,13): warning : conversion to ‘uint8_t {aka unsigned char}’ from ‘int’ may alter its value [-Wconversion]
C:\Users\tcool\Desktop\pi_copterVS\pi_copterVS\inv_mpu_dmp_motion_driver.cpp(1187,9): warning : conversion to ‘uint8_t {aka unsigned char}’ from ‘int’ may alter its value [-Wconversion]
C:\Users\tcool\Desktop\pi_copterVS\pi_copterVS\inv_mpu_dmp_motion_driver.cpp(1195,45): warning : conversion to ‘uint8_t {aka unsigned char}’ from ‘int’ may alter its value [-Wconversion]
C:\Users\tcool\Desktop\pi_copterVS\pi_copterVS\inv_mpu_dmp_motion_driver.cpp(1277,6): warning : conversion to ‘uint8_t {aka unsigned char}’ from ‘int’ may alter its value [-Wconversion]
C:\Users\tcool\Desktop\pi_copterVS\pi_copterVS\inv_mpu_dmp_motion_driver.cpp(1307,12): warning : conversion to ‘int16_t {aka short int}’ from ‘int’ may alter its value [-Wconversion]
C:\Users\tcool\Desktop\pi_copterVS\pi_copterVS\inv_mpu_dmp_motion_driver.cpp(1308,12): warning : conversion to ‘int16_t {aka short int}’ from ‘int’ may alter its value [-Wconversion]
C:\Users\tcool\Desktop\pi_copterVS\pi_copterVS\inv_mpu_dmp_motion_driver.cpp(1309,12): warning : conversion to ‘int16_t {aka short int}’ from ‘int’ may alter its value [-Wconversion]
C:\Users\tcool\Desktop\pi_copterVS\pi_copterVS\inv_mpu_dmp_motion_driver.cpp(1310,6): warning : conversion to ‘uint8_t {aka unsigned char}’ from ‘int’ may alter its value [-Wconversion]
C:\Users\tcool\Desktop\pi_copterVS\pi_copterVS\inv_mpu_dmp_motion_driver.cpp(1316,11): warning : conversion to ‘int16_t {aka short int}’ from ‘int’ may alter its value [-Wconversion]
C:\Users\tcool\Desktop\pi_copterVS\pi_copterVS\inv_mpu_dmp_motion_driver.cpp(1317,11): warning : conversion to ‘int16_t {aka short int}’ from ‘int’ may alter its value [-Wconversion]
C:\Users\tcool\Desktop\pi_copterVS\pi_copterVS\inv_mpu_dmp_motion_driver.cpp(1318,11): warning : conversion to ‘int16_t {aka short int}’ from ‘int’ may alter its value [-Wconversion]
C:\Users\tcool\Desktop\pi_copterVS\pi_copterVS\inv_mpu_dmp_motion_driver.cpp(1319,6): warning : conversion to ‘uint8_t {aka unsigned char}’ from ‘int’ may alter its value [-Wconversion]
  LED.cpp
C:\Users\tcool\Desktop\pi_copterVS\pi_copterVS\helper_3dmath.h(82,36): warning : conversion to ‘float’ from ‘double’ may alter its value [-Wfloat-conversion]
C:\Users\tcool\Desktop\pi_copterVS\pi_copterVS\helper_3dmath.h(119,30): warning : conversion to ‘float’ from ‘double’ may alter its value [-Wfloat-conversion]
C:\Users\tcool\Desktop\pi_copterVS\pi_copterVS\helper_3dmath.h(124,5): warning : conversion to ‘int16_t {aka short int}’ from ‘float’ may alter its value [-Wfloat-conversion]
C:\Users\tcool\Desktop\pi_copterVS\pi_copterVS\helper_3dmath.h(125,5): warning : conversion to ‘int16_t {aka short int}’ from ‘float’ may alter its value [-Wfloat-conversion]
C:\Users\tcool\Desktop\pi_copterVS\pi_copterVS\helper_3dmath.h(126,5): warning : conversion to ‘int16_t {aka short int}’ from ‘float’ may alter its value [-Wfloat-conversion]
C:\Users\tcool\Desktop\pi_copterVS\pi_copterVS\helper_3dmath.h(155,5): warning : conversion to ‘int16_t {aka short int}’ from ‘float’ may alter its value [-Wfloat-conversion]
C:\Users\tcool\Desktop\pi_copterVS\pi_copterVS\helper_3dmath.h(156,5): warning : conversion to ‘int16_t {aka short int}’ from ‘float’ may alter its value [-Wfloat-conversion]
C:\Users\tcool\Desktop\pi_copterVS\pi_copterVS\helper_3dmath.h(157,5): warning : conversion to ‘int16_t {aka short int}’ from ‘float’ may alter its value [-Wfloat-conversion]
C:\Users\tcool\Desktop\pi_copterVS\pi_copterVS\helper_3dmath.h(186,30): warning : conversion to ‘float’ from ‘double’ may alter its value [-Wfloat-conversion]
  Location.cpp
C:\Users\tcool\Desktop\pi_copterVS\pi_copterVS\helper_3dmath.h(82,36): warning : conversion to ‘float’ from ‘double’ may alter its value [-Wfloat-conversion]
C:\Users\tcool\Desktop\pi_copterVS\pi_copterVS\helper_3dmath.h(119,30): warning : conversion to ‘float’ from ‘double’ may alter its value [-Wfloat-conversion]
C:\Users\tcool\Desktop\pi_copterVS\pi_copterVS\helper_3dmath.h(124,5): warning : conversion to ‘int16_t {aka short int}’ from ‘float’ may alter its value [-Wfloat-conversion]
C:\Users\tcool\Desktop\pi_copterVS\pi_copterVS\helper_3dmath.h(125,5): warning : conversion to ‘int16_t {aka short int}’ from ‘float’ may alter its value [-Wfloat-conversion]
C:\Users\tcool\Desktop\pi_copterVS\pi_copterVS\helper_3dmath.h(126,5): warning : conversion to ‘int16_t {aka short int}’ from ‘float’ may alter its value [-Wfloat-conversion]
C:\Users\tcool\Desktop\pi_copterVS\pi_copterVS\helper_3dmath.h(155,5): warning : conversion to ‘int16_t {aka short int}’ from ‘float’ may alter its value [-Wfloat-conversion]
C:\Users\tcool\Desktop\pi_copterVS\pi_copterVS\helper_3dmath.h(156,5): warning : conversion to ‘int16_t {aka short int}’ from ‘float’ may alter its value [-Wfloat-conversion]
C:\Users\tcool\Desktop\pi_copterVS\pi_copterVS\helper_3dmath.h(157,5): warning : conversion to ‘int16_t {aka short int}’ from ‘float’ may alter its value [-Wfloat-conversion]
C:\Users\tcool\Desktop\pi_copterVS\pi_copterVS\helper_3dmath.h(186,30): warning : conversion to ‘float’ from ‘double’ may alter its value [-Wfloat-conversion]
C:\Users\tcool\Desktop\pi_copterVS\pi_copterVS\Location.cpp(195,9): warning : conversion to ‘unsigned char’ from ‘int’ may alter its value [-Wconversion]
C:\Users\tcool\Desktop\pi_copterVS\pi_copterVS\Location.cpp(196,9): warning : conversion to ‘unsigned char’ from ‘int’ may alter its value [-Wconversion]
C:\Users\tcool\Desktop\pi_copterVS\pi_copterVS\Location.cpp(368,1): warning : no return statement in function returning non-void [-Wreturn-type]
C:\Users\tcool\Desktop\pi_copterVS\pi_copterVS\Location.cpp(334,1): warning : control reaches end of non-void function [-Wreturn-type]
  main.cpp
C:\Users\tcool\Desktop\pi_copterVS\pi_copterVS\helper_3dmath.h(82,36): warning : conversion to ‘float’ from ‘double’ may alter its value [-Wfloat-conversion]
C:\Users\tcool\Desktop\pi_copterVS\pi_copterVS\helper_3dmath.h(119,30): warning : conversion to ‘float’ from ‘double’ may alter its value [-Wfloat-conversion]
C:\Users\tcool\Desktop\pi_copterVS\pi_copterVS\helper_3dmath.h(124,5): warning : conversion to ‘int16_t {aka short int}’ from ‘float’ may alter its value [-Wfloat-conversion]
C:\Users\tcool\Desktop\pi_copterVS\pi_copterVS\helper_3dmath.h(125,5): warning : conversion to ‘int16_t {aka short int}’ from ‘float’ may alter its value [-Wfloat-conversion]
C:\Users\tcool\Desktop\pi_copterVS\pi_copterVS\helper_3dmath.h(126,5): warning : conversion to ‘int16_t {aka short int}’ from ‘float’ may alter its value [-Wfloat-conversion]
C:\Users\tcool\Desktop\pi_copterVS\pi_copterVS\helper_3dmath.h(155,5): warning : conversion to ‘int16_t {aka short int}’ from ‘float’ may alter its value [-Wfloat-conversion]
C:\Users\tcool\Desktop\pi_copterVS\pi_copterVS\helper_3dmath.h(156,5): warning : conversion to ‘int16_t {aka short int}’ from ‘float’ may alter its value [-Wfloat-conversion]
C:\Users\tcool\Desktop\pi_copterVS\pi_copterVS\helper_3dmath.h(157,5): warning : conversion to ‘int16_t {aka short int}’ from ‘float’ may alter its value [-Wfloat-conversion]
C:\Users\tcool\Desktop\pi_copterVS\pi_copterVS\helper_3dmath.h(186,30): warning : conversion to ‘float’ from ‘double’ may alter its value [-Wfloat-conversion]
C:\Users\tcool\Desktop\pi_copterVS\pi_copterVS\main.cpp(286,8): warning : unused variable ‘dfr’ [-Wunused-variable]
  mpu.cpp
C:\Users\tcool\Desktop\pi_copterVS\pi_copterVS\helper_3dmath.h(82,36): warning : conversion to ‘float’ from ‘double’ may alter its value [-Wfloat-conversion]
C:\Users\tcool\Desktop\pi_copterVS\pi_copterVS\helper_3dmath.h(119,30): warning : conversion to ‘float’ from ‘double’ may alter its value [-Wfloat-conversion]
C:\Users\tcool\Desktop\pi_copterVS\pi_copterVS\helper_3dmath.h(124,5): warning : conversion to ‘int16_t {aka short int}’ from ‘float’ may alter its value [-Wfloat-conversion]
C:\Users\tcool\Desktop\pi_copterVS\pi_copterVS\helper_3dmath.h(125,5): warning : conversion to ‘int16_t {aka short int}’ from ‘float’ may alter its value [-Wfloat-conversion]
C:\Users\tcool\Desktop\pi_copterVS\pi_copterVS\helper_3dmath.h(126,5): warning : conversion to ‘int16_t {aka short int}’ from ‘float’ may alter its value [-Wfloat-conversion]
C:\Users\tcool\Desktop\pi_copterVS\pi_copterVS\helper_3dmath.h(155,5): warning : conversion to ‘int16_t {aka short int}’ from ‘float’ may alter its value [-Wfloat-conversion]
C:\Users\tcool\Desktop\pi_copterVS\pi_copterVS\helper_3dmath.h(156,5): warning : conversion to ‘int16_t {aka short int}’ from ‘float’ may alter its value [-Wfloat-conversion]
C:\Users\tcool\Desktop\pi_copterVS\pi_copterVS\helper_3dmath.h(157,5): warning : conversion to ‘int16_t {aka short int}’ from ‘float’ may alter its value [-Wfloat-conversion]
C:\Users\tcool\Desktop\pi_copterVS\pi_copterVS\helper_3dmath.h(186,30): warning : conversion to ‘float’ from ‘double’ may alter its value [-Wfloat-conversion]
C:\Users\tcool\Desktop\pi_copterVS\pi_copterVS\mpu.cpp(44,8): warning : unused variable ‘add_2_yaw’ [-Wunused-variable]
C:\Users\tcool\Desktop\pi_copterVS\pi_copterVS\define.h(25,18): warning : conversion to ‘float’ from ‘double’ may alter its value [-Wfloat-conversion]
C:\Users\tcool\Desktop\pi_copterVS\pi_copterVS\define.h(25,18): warning : conversion to ‘float’ from ‘double’ may alter its value [-Wfloat-conversion]
C:\Users\tcool\Desktop\pi_copterVS\pi_copterVS\define.h(25,18): warning : conversion to ‘float’ from ‘double’ may alter its value [-Wfloat-conversion]
C:\Users\tcool\Desktop\pi_copterVS\pi_copterVS\mpu.cpp(480,15): warning : conversion to ‘float’ from ‘double’ may alter its value [-Wfloat-conversion]
C:\Users\tcool\Desktop\pi_copterVS\pi_copterVS\mpu.cpp(550,8): warning : conversion to ‘float’ from ‘double’ may alter its value [-Wfloat-conversion]
C:\Users\tcool\Desktop\pi_copterVS\pi_copterVS\mpu.cpp(551,7): warning : conversion to ‘float’ from ‘double’ may alter its value [-Wfloat-conversion]
C:\Users\tcool\Desktop\pi_copterVS\pi_copterVS\mpu.cpp(570,11): warning : conversion to ‘float’ from ‘double’ may alter its value [-Wfloat-conversion]
C:\Users\tcool\Desktop\pi_copterVS\pi_copterVS\mpu.cpp(571,11): warning : conversion to ‘float’ from ‘double’ may alter its value [-Wfloat-conversion]
C:\Users\tcool\Desktop\pi_copterVS\pi_copterVS\mpu.cpp(572,11): warning : conversion to ‘float’ from ‘double’ may alter its value [-Wfloat-conversion]
C:\Users\tcool\Desktop\pi_copterVS\pi_copterVS\mpu.cpp(36,20): warning : ‘const float f_constrain(float, float, float)’ defined but not used [-Wunused-function]
  MPU6050.cpp
C:\Users\tcool\Desktop\pi_copterVS\pi_copterVS\MPU6050.cpp(256,51): warning : conversion to ‘uint8_t {aka unsigned char}’ from ‘int’ may alter its value [-Wconversion]
C:\Users\tcool\Desktop\pi_copterVS\pi_copterVS\MPU6050.cpp(266,51): warning : conversion to ‘uint8_t {aka unsigned char}’ from ‘int’ may alter its value [-Wconversion]
C:\Users\tcool\Desktop\pi_copterVS\pi_copterVS\MPU6050.cpp(275,46): warning : conversion to ‘uint8_t {aka unsigned char}’ from ‘int’ may alter its value [-Wconversion]
C:\Users\tcool\Desktop\pi_copterVS\pi_copterVS\MPU6050.cpp(952,63): warning : conversion to ‘uint8_t {aka unsigned char}’ from ‘int’ may alter its value [-Wconversion]
C:\Users\tcool\Desktop\pi_copterVS\pi_copterVS\MPU6050.cpp(963,65): warning : conversion to ‘uint8_t {aka unsigned char}’ from ‘int’ may alter its value [-Wconversion]
C:\Users\tcool\Desktop\pi_copterVS\pi_copterVS\MPU6050.cpp(978,62): warning : conversion to ‘uint8_t {aka unsigned char}’ from ‘int’ may alter its value [-Wconversion]
C:\Users\tcool\Desktop\pi_copterVS\pi_copterVS\MPU6050.cpp(989,60): warning : conversion to ‘uint8_t {aka unsigned char}’ from ‘int’ may alter its value [-Wconversion]
C:\Users\tcool\Desktop\pi_copterVS\pi_copterVS\MPU6050.cpp(1000,86): warning : conversion to ‘uint8_t {aka unsigned char}’ from ‘int’ may alter its value [-Wconversion]
C:\Users\tcool\Desktop\pi_copterVS\pi_copterVS\MPU6050.cpp(1011,88): warning : conversion to ‘uint8_t {aka unsigned char}’ from ‘int’ may alter its value [-Wconversion]
C:\Users\tcool\Desktop\pi_copterVS\pi_copterVS\MPU6050.cpp(1026,91): warning : conversion to ‘uint8_t {aka unsigned char}’ from ‘int’ may alter its value [-Wconversion]
C:\Users\tcool\Desktop\pi_copterVS\pi_copterVS\MPU6050.cpp(1037,93): warning : conversion to ‘uint8_t {aka unsigned char}’ from ‘int’ may alter its value [-Wconversion]
C:\Users\tcool\Desktop\pi_copterVS\pi_copterVS\MPU6050.cpp(1051,91): warning : conversion to ‘uint8_t {aka unsigned char}’ from ‘int’ may alter its value [-Wconversion]
C:\Users\tcool\Desktop\pi_copterVS\pi_copterVS\MPU6050.cpp(1062,90): warning : conversion to ‘uint8_t {aka unsigned char}’ from ‘int’ may alter its value [-Wconversion]
C:\Users\tcool\Desktop\pi_copterVS\pi_copterVS\MPU6050.cpp(1077,87): warning : conversion to ‘uint8_t {aka unsigned char}’ from ‘int’ may alter its value [-Wconversion]
C:\Users\tcool\Desktop\pi_copterVS\pi_copterVS\MPU6050.cpp(1088,89): warning : conversion to ‘uint8_t {aka unsigned char}’ from ‘int’ may alter its value [-Wconversion]
C:\Users\tcool\Desktop\pi_copterVS\pi_copterVS\MPU6050.cpp(1099,116): warning : conversion to ‘uint8_t {aka unsigned char}’ from ‘int’ may alter its value [-Wconversion]
C:\Users\tcool\Desktop\pi_copterVS\pi_copterVS\MPU6050.cpp(1110,117): warning : conversion to ‘uint8_t {aka unsigned char}’ from ‘int’ may alter its value [-Wconversion]
C:\Users\tcool\Desktop\pi_copterVS\pi_copterVS\MPU6050.cpp(1785,9): warning : conversion to ‘int16_t {aka short int}’ from ‘int’ may alter its value [-Wconversion]
C:\Users\tcool\Desktop\pi_copterVS\pi_copterVS\MPU6050.cpp(1786,9): warning : conversion to ‘int16_t {aka short int}’ from ‘int’ may alter its value [-Wconversion]
C:\Users\tcool\Desktop\pi_copterVS\pi_copterVS\MPU6050.cpp(1787,9): warning : conversion to ‘int16_t {aka short int}’ from ‘int’ may alter its value [-Wconversion]
C:\Users\tcool\Desktop\pi_copterVS\pi_copterVS\MPU6050.cpp(1788,9): warning : conversion to ‘int16_t {aka short int}’ from ‘int’ may alter its value [-Wconversion]
C:\Users\tcool\Desktop\pi_copterVS\pi_copterVS\MPU6050.cpp(1789,9): warning : conversion to ‘int16_t {aka short int}’ from ‘int’ may alter its value [-Wconversion]
C:\Users\tcool\Desktop\pi_copterVS\pi_copterVS\MPU6050.cpp(1790,9): warning : conversion to ‘int16_t {aka short int}’ from ‘int’ may alter its value [-Wconversion]
C:\Users\tcool\Desktop\pi_copterVS\pi_copterVS\MPU6050.cpp(1830,8): warning : conversion to ‘int16_t {aka short int}’ from ‘int’ may alter its value [-Wconversion]
C:\Users\tcool\Desktop\pi_copterVS\pi_copterVS\MPU6050.cpp(1831,8): warning : conversion to ‘int16_t {aka short int}’ from ‘int’ may alter its value [-Wconversion]
C:\Users\tcool\Desktop\pi_copterVS\pi_copterVS\MPU6050.cpp(1832,8): warning : conversion to ‘int16_t {aka short int}’ from ‘int’ may alter its value [-Wconversion]
C:\Users\tcool\Desktop\pi_copterVS\pi_copterVS\MPU6050.cpp(1841,50): warning : conversion to ‘int16_t {aka short int}’ from ‘int’ may alter its value [-Wconversion]
C:\Users\tcool\Desktop\pi_copterVS\pi_copterVS\MPU6050.cpp(1850,50): warning : conversion to ‘int16_t {aka short int}’ from ‘int’ may alter its value [-Wconversion]
C:\Users\tcool\Desktop\pi_copterVS\pi_copterVS\MPU6050.cpp(1859,50): warning : conversion to ‘int16_t {aka short int}’ from ‘int’ may alter its value [-Wconversion]
C:\Users\tcool\Desktop\pi_copterVS\pi_copterVS\MPU6050.cpp(1870,50): warning : conversion to ‘int16_t {aka short int}’ from ‘int’ may alter its value [-Wconversion]
C:\Users\tcool\Desktop\pi_copterVS\pi_copterVS\MPU6050.cpp(1909,8): warning : conversion to ‘int16_t {aka short int}’ from ‘int’ may alter its value [-Wconversion]
C:\Users\tcool\Desktop\pi_copterVS\pi_copterVS\MPU6050.cpp(1910,8): warning : conversion to ‘int16_t {aka short int}’ from ‘int’ may alter its value [-Wconversion]
C:\Users\tcool\Desktop\pi_copterVS\pi_copterVS\MPU6050.cpp(1911,8): warning : conversion to ‘int16_t {aka short int}’ from ‘int’ may alter its value [-Wconversion]
C:\Users\tcool\Desktop\pi_copterVS\pi_copterVS\MPU6050.cpp(1920,50): warning : conversion to ‘int16_t {aka short int}’ from ‘int’ may alter its value [-Wconversion]
C:\Users\tcool\Desktop\pi_copterVS\pi_copterVS\MPU6050.cpp(1929,50): warning : conversion to ‘int16_t {aka short int}’ from ‘int’ may alter its value [-Wconversion]
C:\Users\tcool\Desktop\pi_copterVS\pi_copterVS\MPU6050.cpp(1938,50): warning : conversion to ‘int16_t {aka short int}’ from ‘int’ may alter its value [-Wconversion]
C:\Users\tcool\Desktop\pi_copterVS\pi_copterVS\MPU6050.cpp(2018,69): warning : conversion to ‘uint8_t {aka unsigned char}’ from ‘int’ may alter its value [-Wconversion]
C:\Users\tcool\Desktop\pi_copterVS\pi_copterVS\MPU6050.cpp(2027,73): warning : conversion to ‘uint8_t {aka unsigned char}’ from ‘int’ may alter its value [-Wconversion]
C:\Users\tcool\Desktop\pi_copterVS\pi_copterVS\MPU6050.cpp(2028,51): warning : conversion to ‘uint16_t {aka short unsigned int}’ from ‘int’ may alter its value [-Wconversion]
C:\Users\tcool\Desktop\pi_copterVS\pi_copterVS\MPU6050.cpp(2036,73): warning : conversion to ‘uint8_t {aka unsigned char}’ from ‘int’ may alter its value [-Wconversion]
C:\Users\tcool\Desktop\pi_copterVS\pi_copterVS\MPU6050.cpp(2126,58): warning : conversion to ‘uint8_t {aka unsigned char}’ from ‘int’ may alter its value [-Wconversion]
C:\Users\tcool\Desktop\pi_copterVS\pi_copterVS\MPU6050.cpp(2700,51): warning : conversion to ‘uint16_t {aka short unsigned int}’ from ‘int’ may alter its value [-Wconversion]
C:\Users\tcool\Desktop\pi_copterVS\pi_copterVS\MPU6050.cpp(2844,50): warning : conversion to ‘int16_t {aka short int}’ from ‘int’ may alter its value [-Wconversion]
C:\Users\tcool\Desktop\pi_copterVS\pi_copterVS\MPU6050.cpp(2854,50): warning : conversion to ‘int16_t {aka short int}’ from ‘int’ may alter its value [-Wconversion]
C:\Users\tcool\Desktop\pi_copterVS\pi_copterVS\MPU6050.cpp(2864,50): warning : conversion to ‘int16_t {aka short int}’ from ‘int’ may alter its value [-Wconversion]
C:\Users\tcool\Desktop\pi_copterVS\pi_copterVS\MPU6050.cpp(2874,50): warning : conversion to ‘int16_t {aka short int}’ from ‘int’ may alter its value [-Wconversion]
C:\Users\tcool\Desktop\pi_copterVS\pi_copterVS\MPU6050.cpp(2884,50): warning : conversion to ‘int16_t {aka short int}’ from ‘int’ may alter its value [-Wconversion]
C:\Users\tcool\Desktop\pi_copterVS\pi_copterVS\MPU6050.cpp(2894,50): warning : conversion to ‘int16_t {aka short int}’ from ‘int’ may alter its value [-Wconversion]
C:\Users\tcool\Desktop\pi_copterVS\pi_copterVS\MPU6050.cpp(3001,49): warning : conversion to ‘uint8_t {aka unsigned char}’ from ‘int’ may alter its value [-Wconversion]
C:\Users\tcool\Desktop\pi_copterVS\pi_copterVS\MPU6050.cpp(3004,50): warning : conversion to ‘uint8_t {aka unsigned char}’ from ‘int’ may alter its value [-Wconversion]
C:\Users\tcool\Desktop\pi_copterVS\pi_copterVS\MPU6050.cpp(3010,11): warning : conversion to ‘uint16_t {aka short unsigned int}’ from ‘int’ may alter its value [-Wconversion]
C:\Users\tcool\Desktop\pi_copterVS\pi_copterVS\MPU6050.cpp(3013,17): warning : conversion to ‘uint8_t {aka unsigned char}’ from ‘int’ may alter its value [-Wconversion]
C:\Users\tcool\Desktop\pi_copterVS\pi_copterVS\MPU6050.cpp(3038,49): warning : conversion to ‘uint8_t {aka unsigned char}’ from ‘int’ may alter its value [-Wconversion]
C:\Users\tcool\Desktop\pi_copterVS\pi_copterVS\MPU6050.cpp(3041,50): warning : conversion to ‘uint8_t {aka unsigned char}’ from ‘int’ may alter its value [-Wconversion]
C:\Users\tcool\Desktop\pi_copterVS\pi_copterVS\MPU6050.cpp(3066,11): warning : conversion to ‘uint16_t {aka short unsigned int}’ from ‘int’ may alter its value [-Wconversion]
C:\Users\tcool\Desktop\pi_copterVS\pi_copterVS\MPU6050.cpp(3069,17): warning : conversion to ‘uint8_t {aka unsigned char}’ from ‘int’ may alter its value [-Wconversion]
C:\Users\tcool\Desktop\pi_copterVS\pi_copterVS\MPU6050.cpp(3117,15): warning : conversion to ‘uint16_t {aka short unsigned int}’ from ‘int’ may alter its value [-Wconversion]
C:\Users\tcool\Desktop\pi_copterVS\pi_copterVS\MPU6050.cpp(3045,57): warning : ‘progBuffer’ may be used uninitialized in this function [-Wmaybe-uninitialized]
C:\Users\tcool\Desktop\pi_copterVS\pi_copterVS\MPU6050.cpp(3027,14): warning : ‘verifyBuffer’ may be used uninitialized in this function [-Wmaybe-uninitialized]
  MS5611.cpp
C:\Users\tcool\Desktop\pi_copterVS\pi_copterVS\helper_3dmath.h(82,36): warning : conversion to ‘float’ from ‘double’ may alter its value [-Wfloat-conversion]
C:\Users\tcool\Desktop\pi_copterVS\pi_copterVS\helper_3dmath.h(119,30): warning : conversion to ‘float’ from ‘double’ may alter its value [-Wfloat-conversion]
C:\Users\tcool\Desktop\pi_copterVS\pi_copterVS\helper_3dmath.h(124,5): warning : conversion to ‘int16_t {aka short int}’ from ‘float’ may alter its value [-Wfloat-conversion]
C:\Users\tcool\Desktop\pi_copterVS\pi_copterVS\helper_3dmath.h(125,5): warning : conversion to ‘int16_t {aka short int}’ from ‘float’ may alter its value [-Wfloat-conversion]
C:\Users\tcool\Desktop\pi_copterVS\pi_copterVS\helper_3dmath.h(126,5): warning : conversion to ‘int16_t {aka short int}’ from ‘float’ may alter its value [-Wfloat-conversion]
C:\Users\tcool\Desktop\pi_copterVS\pi_copterVS\helper_3dmath.h(155,5): warning : conversion to ‘int16_t {aka short int}’ from ‘float’ may alter its value [-Wfloat-conversion]
C:\Users\tcool\Desktop\pi_copterVS\pi_copterVS\helper_3dmath.h(156,5): warning : conversion to ‘int16_t {aka short int}’ from ‘float’ may alter its value [-Wfloat-conversion]
C:\Users\tcool\Desktop\pi_copterVS\pi_copterVS\helper_3dmath.h(157,5): warning : conversion to ‘int16_t {aka short int}’ from ‘float’ may alter its value [-Wfloat-conversion]
C:\Users\tcool\Desktop\pi_copterVS\pi_copterVS\helper_3dmath.h(186,30): warning : conversion to ‘float’ from ‘double’ may alter its value [-Wfloat-conversion]
C:\Users\tcool\Desktop\pi_copterVS\pi_copterVS\MS5611.cpp(21,6): warning : conversion to ‘uint16_t {aka short unsigned int}’ from ‘int’ may alter its value [-Wconversion]
C:\Users\tcool\Desktop\pi_copterVS\pi_copterVS\MS5611.cpp(70,53): warning : ISO C++ forbids converting a string constant to ‘char*’ [-Wwrite-strings]
C:\Users\tcool\Desktop\pi_copterVS\pi_copterVS\MS5611.cpp(105,47): warning : conversion to ‘char’ from ‘int’ may alter its value [-Wconversion]
C:\Users\tcool\Desktop\pi_copterVS\pi_copterVS\MS5611.cpp(105,8): warning : conversion to ‘uint16_t {aka short unsigned int}’ from ‘unsigned int’ may alter its value [-Wconversion]
C:\Users\tcool\Desktop\pi_copterVS\pi_copterVS\MS5611.cpp(309,7): warning : conversion to ‘int32_t {aka int}’ from ‘int64_t {aka long long int}’ may alter its value [-Wconversion]
C:\Users\tcool\Desktop\pi_copterVS\pi_copterVS\MS5611.cpp(321,6): warning : conversion to ‘int32_t {aka int}’ from ‘double’ may alter its value [-Wfloat-conversion]
C:\Users\tcool\Desktop\pi_copterVS\pi_copterVS\MS5611.cpp(339,4): warning : conversion to ‘int32_t {aka int}’ from ‘int64_t {aka long long int}’ may alter its value [-Wconversion]
C:\Users\tcool\Desktop\pi_copterVS\pi_copterVS\MS5611.cpp(344,12): warning : conversion to ‘float’ from ‘int32_t {aka int}’ may alter its value [-Wconversion]
C:\Users\tcool\Desktop\pi_copterVS\pi_copterVS\MS5611.cpp(349,11): warning : conversion to ‘float’ from ‘double’ may alter its value [-Wfloat-conversion]
C:\Users\tcool\Desktop\pi_copterVS\pi_copterVS\MS5611.cpp(353,10): warning : conversion to ‘float’ alters ‘double’ constant value [-Wfloat-conversion]
C:\Users\tcool\Desktop\pi_copterVS\pi_copterVS\MS5611.cpp(355,47): warning : conversion to ‘double’ from ‘uint64_t {aka long long unsigned int}’ may alter its value [-Wconversion]
C:\Users\tcool\Desktop\pi_copterVS\pi_copterVS\MS5611.cpp(355,47): warning : conversion to ‘float’ from ‘double’ may alter its value [-Wfloat-conversion]
C:\Users\tcool\Desktop\pi_copterVS\pi_copterVS\MS5611.cpp(358,49): warning : conversion to ‘float’ from ‘double’ may alter its value [-Wfloat-conversion]
C:\Users\tcool\Desktop\pi_copterVS\pi_copterVS\MS5611.cpp(380,54): warning : conversion to ‘float’ from ‘double’ may alter its value [-Wfloat-conversion]
  Prog.cpp
C:\Users\tcool\Desktop\pi_copterVS\pi_copterVS\helper_3dmath.h(82,36): warning : conversion to ‘float’ from ‘double’ may alter its value [-Wfloat-conversion]
C:\Users\tcool\Desktop\pi_copterVS\pi_copterVS\helper_3dmath.h(119,30): warning : conversion to ‘float’ from ‘double’ may alter its value [-Wfloat-conversion]
C:\Users\tcool\Desktop\pi_copterVS\pi_copterVS\helper_3dmath.h(124,5): warning : conversion to ‘int16_t {aka short int}’ from ‘float’ may alter its value [-Wfloat-conversion]
C:\Users\tcool\Desktop\pi_copterVS\pi_copterVS\helper_3dmath.h(125,5): warning : conversion to ‘int16_t {aka short int}’ from ‘float’ may alter its value [-Wfloat-conversion]
C:\Users\tcool\Desktop\pi_copterVS\pi_copterVS\helper_3dmath.h(126,5): warning : conversion to ‘int16_t {aka short int}’ from ‘float’ may alter its value [-Wfloat-conversion]
C:\Users\tcool\Desktop\pi_copterVS\pi_copterVS\helper_3dmath.h(155,5): warning : conversion to ‘int16_t {aka short int}’ from ‘float’ may alter its value [-Wfloat-conversion]
C:\Users\tcool\Desktop\pi_copterVS\pi_copterVS\helper_3dmath.h(156,5): warning : conversion to ‘int16_t {aka short int}’ from ‘float’ may alter its value [-Wfloat-conversion]
C:\Users\tcool\Desktop\pi_copterVS\pi_copterVS\helper_3dmath.h(157,5): warning : conversion to ‘int16_t {aka short int}’ from ‘float’ may alter its value [-Wfloat-conversion]
C:\Users\tcool\Desktop\pi_copterVS\pi_copterVS\helper_3dmath.h(186,30): warning : conversion to ‘float’ from ‘double’ may alter its value [-Wfloat-conversion]
C:\Users\tcool\Desktop\pi_copterVS\pi_copterVS\Prog.cpp(445,18): warning : conversion to ‘uint16_t {aka short unsigned int}’ from ‘int’ may alter its value [-Wconversion]
  Pwm.cpp
C:\Users\tcool\Desktop\pi_copterVS\pi_copterVS\helper_3dmath.h(82,36): warning : conversion to ‘float’ from ‘double’ may alter its value [-Wfloat-conversion]
C:\Users\tcool\Desktop\pi_copterVS\pi_copterVS\helper_3dmath.h(119,30): warning : conversion to ‘float’ from ‘double’ may alter its value [-Wfloat-conversion]
C:\Users\tcool\Desktop\pi_copterVS\pi_copterVS\helper_3dmath.h(124,5): warning : conversion to ‘int16_t {aka short int}’ from ‘float’ may alter its value [-Wfloat-conversion]
C:\Users\tcool\Desktop\pi_copterVS\pi_copterVS\helper_3dmath.h(125,5): warning : conversion to ‘int16_t {aka short int}’ from ‘float’ may alter its value [-Wfloat-conversion]
C:\Users\tcool\Desktop\pi_copterVS\pi_copterVS\helper_3dmath.h(126,5): warning : conversion to ‘int16_t {aka short int}’ from ‘float’ may alter its value [-Wfloat-conversion]
C:\Users\tcool\Desktop\pi_copterVS\pi_copterVS\helper_3dmath.h(155,5): warning : conversion to ‘int16_t {aka short int}’ from ‘float’ may alter its value [-Wfloat-conversion]
C:\Users\tcool\Desktop\pi_copterVS\pi_copterVS\helper_3dmath.h(156,5): warning : conversion to ‘int16_t {aka short int}’ from ‘float’ may alter its value [-Wfloat-conversion]
C:\Users\tcool\Desktop\pi_copterVS\pi_copterVS\helper_3dmath.h(157,5): warning : conversion to ‘int16_t {aka short int}’ from ‘float’ may alter its value [-Wfloat-conversion]
C:\Users\tcool\Desktop\pi_copterVS\pi_copterVS\helper_3dmath.h(186,30): warning : conversion to ‘float’ from ‘double’ may alter its value [-Wfloat-conversion]
C:\Users\tcool\Desktop\pi_copterVS\pi_copterVS\Pwm.cpp(182,19): warning : ignoring return value of ‘ssize_t write(int, const void*, size_t)’, declared with attribute warn_unused_result [-Wunused-result]
C:\Users\tcool\Desktop\pi_copterVS\pi_copterVS\Pwm.cpp(200,19): warning : ignoring return value of ‘ssize_t write(int, const void*, size_t)’, declared with attribute warn_unused_result [-Wunused-result]
C:\Users\tcool\Desktop\pi_copterVS\pi_copterVS\Pwm.cpp(262,30): warning : ignoring return value of ‘ssize_t write(int, const void*, size_t)’, declared with attribute warn_unused_result [-Wunused-result]
C:\Users\tcool\Desktop\pi_copterVS\pi_copterVS\Pwm.cpp(269,31): warning : ignoring return value of ‘ssize_t read(int, void*, size_t)’, declared with attribute warn_unused_result [-Wunused-result]
  RC_Filter.cpp
  Settings.cpp
C:\Users\tcool\Desktop\pi_copterVS\pi_copterVS\helper_3dmath.h(82,36): warning : conversion to ‘float’ from ‘double’ may alter its value [-Wfloat-conversion]
C:\Users\tcool\Desktop\pi_copterVS\pi_copterVS\helper_3dmath.h(119,30): warning : conversion to ‘float’ from ‘double’ may alter its value [-Wfloat-conversion]
C:\Users\tcool\Desktop\pi_copterVS\pi_copterVS\helper_3dmath.h(124,5): warning : conversion to ‘int16_t {aka short int}’ from ‘float’ may alter its value [-Wfloat-conversion]
C:\Users\tcool\Desktop\pi_copterVS\pi_copterVS\helper_3dmath.h(125,5): warning : conversion to ‘int16_t {aka short int}’ from ‘float’ may alter its value [-Wfloat-conversion]
C:\Users\tcool\Desktop\pi_copterVS\pi_copterVS\helper_3dmath.h(126,5): warning : conversion to ‘int16_t {aka short int}’ from ‘float’ may alter its value [-Wfloat-conversion]
C:\Users\tcool\Desktop\pi_copterVS\pi_copterVS\helper_3dmath.h(155,5): warning : conversion to ‘int16_t {aka short int}’ from ‘float’ may alter its value [-Wfloat-conversion]
C:\Users\tcool\Desktop\pi_copterVS\pi_copterVS\helper_3dmath.h(156,5): warning : conversion to ‘int16_t {aka short int}’ from ‘float’ may alter its value [-Wfloat-conversion]
C:\Users\tcool\Desktop\pi_copterVS\pi_copterVS\helper_3dmath.h(157,5): warning : conversion to ‘int16_t {aka short int}’ from ‘float’ may alter its value [-Wfloat-conversion]
C:\Users\tcool\Desktop\pi_copterVS\pi_copterVS\helper_3dmath.h(186,30): warning : conversion to ‘float’ from ‘double’ may alter its value [-Wfloat-conversion]
  Stabilization.cpp
C:\Users\tcool\Desktop\pi_copterVS\pi_copterVS\helper_3dmath.h(82,36): warning : conversion to ‘float’ from ‘double’ may alter its value [-Wfloat-conversion]
C:\Users\tcool\Desktop\pi_copterVS\pi_copterVS\helper_3dmath.h(119,30): warning : conversion to ‘float’ from ‘double’ may alter its value [-Wfloat-conversion]
C:\Users\tcool\Desktop\pi_copterVS\pi_copterVS\helper_3dmath.h(124,5): warning : conversion to ‘int16_t {aka short int}’ from ‘float’ may alter its value [-Wfloat-conversion]
C:\Users\tcool\Desktop\pi_copterVS\pi_copterVS\helper_3dmath.h(125,5): warning : conversion to ‘int16_t {aka short int}’ from ‘float’ may alter its value [-Wfloat-conversion]
C:\Users\tcool\Desktop\pi_copterVS\pi_copterVS\helper_3dmath.h(126,5): warning : conversion to ‘int16_t {aka short int}’ from ‘float’ may alter its value [-Wfloat-conversion]
C:\Users\tcool\Desktop\pi_copterVS\pi_copterVS\helper_3dmath.h(155,5): warning : conversion to ‘int16_t {aka short int}’ from ‘float’ may alter its value [-Wfloat-conversion]
C:\Users\tcool\Desktop\pi_copterVS\pi_copterVS\helper_3dmath.h(156,5): warning : conversion to ‘int16_t {aka short int}’ from ‘float’ may alter its value [-Wfloat-conversion]
C:\Users\tcool\Desktop\pi_copterVS\pi_copterVS\helper_3dmath.h(157,5): warning : conversion to ‘int16_t {aka short int}’ from ‘float’ may alter its value [-Wfloat-conversion]
C:\Users\tcool\Desktop\pi_copterVS\pi_copterVS\helper_3dmath.h(186,30): warning : conversion to ‘float’ from ‘double’ may alter its value [-Wfloat-conversion]
  Telemetry.cpp
C:\Users\tcool\Desktop\pi_copterVS\pi_copterVS\helper_3dmath.h(82,36): warning : conversion to ‘float’ from ‘double’ may alter its value [-Wfloat-conversion]
C:\Users\tcool\Desktop\pi_copterVS\pi_copterVS\helper_3dmath.h(119,30): warning : conversion to ‘float’ from ‘double’ may alter its value [-Wfloat-conversion]
C:\Users\tcool\Desktop\pi_copterVS\pi_copterVS\helper_3dmath.h(124,5): warning : conversion to ‘int16_t {aka short int}’ from ‘float’ may alter its value [-Wfloat-conversion]
C:\Users\tcool\Desktop\pi_copterVS\pi_copterVS\helper_3dmath.h(125,5): warning : conversion to ‘int16_t {aka short int}’ from ‘float’ may alter its value [-Wfloat-conversion]
C:\Users\tcool\Desktop\pi_copterVS\pi_copterVS\helper_3dmath.h(126,5): warning : conversion to ‘int16_t {aka short int}’ from ‘float’ may alter its value [-Wfloat-conversion]
C:\Users\tcool\Desktop\pi_copterVS\pi_copterVS\helper_3dmath.h(155,5): warning : conversion to ‘int16_t {aka short int}’ from ‘float’ may alter its value [-Wfloat-conversion]
C:\Users\tcool\Desktop\pi_copterVS\pi_copterVS\helper_3dmath.h(156,5): warning : conversion to ‘int16_t {aka short int}’ from ‘float’ may alter its value [-Wfloat-conversion]
C:\Users\tcool\Desktop\pi_copterVS\pi_copterVS\helper_3dmath.h(157,5): warning : conversion to ‘int16_t {aka short int}’ from ‘float’ may alter its value [-Wfloat-conversion]
C:\Users\tcool\Desktop\pi_copterVS\pi_copterVS\helper_3dmath.h(186,30): warning : conversion to ‘float’ from ‘double’ may alter its value [-Wfloat-conversion]
C:\Users\tcool\Desktop\pi_copterVS\pi_copterVS\Telemetry.cpp(88,11): warning : unused variable ‘power_on_time’ [-Wunused-variable]
C:\Users\tcool\Desktop\pi_copterVS\pi_copterVS\Telemetry.cpp(349,11): warning : conversion to ‘uint8_t {aka unsigned char}’ from ‘float’ may alter its value [-Wfloat-conversion]
C:\Users\tcool\Desktop\pi_copterVS\pi_copterVS\Telemetry.cpp(350,11): warning : conversion to ‘uint8_t {aka unsigned char}’ from ‘float’ may alter its value [-Wfloat-conversion]
  Wi_Fi.cpp
C:\Users\tcool\Desktop\pi_copterVS\pi_copterVS\helper_3dmath.h(82,36): warning : conversion to ‘float’ from ‘double’ may alter its value [-Wfloat-conversion]
C:\Users\tcool\Desktop\pi_copterVS\pi_copterVS\helper_3dmath.h(119,30): warning : conversion to ‘float’ from ‘double’ may alter its value [-Wfloat-conversion]
C:\Users\tcool\Desktop\pi_copterVS\pi_copterVS\helper_3dmath.h(124,5): warning : conversion to ‘int16_t {aka short int}’ from ‘float’ may alter its value [-Wfloat-conversion]
C:\Users\tcool\Desktop\pi_copterVS\pi_copterVS\helper_3dmath.h(125,5): warning : conversion to ‘int16_t {aka short int}’ from ‘float’ may alter its value [-Wfloat-conversion]
C:\Users\tcool\Desktop\pi_copterVS\pi_copterVS\helper_3dmath.h(126,5): warning : conversion to ‘int16_t {aka short int}’ from ‘float’ may alter its value [-Wfloat-conversion]
C:\Users\tcool\Desktop\pi_copterVS\pi_copterVS\helper_3dmath.h(155,5): warning : conversion to ‘int16_t {aka short int}’ from ‘float’ may alter its value [-Wfloat-conversion]
C:\Users\tcool\Desktop\pi_copterVS\pi_copterVS\helper_3dmath.h(156,5): warning : conversion to ‘int16_t {aka short int}’ from ‘float’ may alter its value [-Wfloat-conversion]
C:\Users\tcool\Desktop\pi_copterVS\pi_copterVS\helper_3dmath.h(157,5): warning : conversion to ‘int16_t {aka short int}’ from ‘float’ may alter its value [-Wfloat-conversion]
C:\Users\tcool\Desktop\pi_copterVS\pi_copterVS\helper_3dmath.h(186,30): warning : conversion to ‘float’ from ‘double’ may alter its value [-Wfloat-conversion]
  WProgram.cpp
  Linking objects
  pi_copterVS.vcxproj -> C:\Users\tcool\Desktop\pi_copterVS\pi_copterVS\bin\ARM\Release\pi_copterVS.out
