d:\users\2cool\desktop\copter\copter_graph\copter_graph\x64\debug\vc141.pdb
d:\users\2cool\desktop\copter\copter_graph\copter_graph\x64\debug\vc141.idb
d:\users\2cool\desktop\copter\copter_graph\copter_graph\x64\debug\mpu.obj
d:\users\2cool\desktop\copter\copter_graph\copter_graph\x64\debug\gps_loger.obj
d:\users\2cool\desktop\copter\copter_graph\copter_graph\x64\debug\copter_graph.pch
d:\users\2cool\desktop\copter\copter_graph\copter_graph\x64\debug\stdafx.obj
d:\users\2cool\desktop\copter\copter_graph\copter_graph\x64\debug\tbutton.obj
d:\users\2cool\desktop\copter\copter_graph\copter_graph\x64\debug\pressure.obj
d:\users\2cool\desktop\copter\copter_graph\copter_graph\x64\debug\mymath.obj
d:\users\2cool\desktop\copter\copter_graph\copter_graph\x64\debug\myfilter.obj
d:\users\2cool\desktop\copter\copter_graph\copter_graph\x64\debug\mybutton.obj
d:\users\2cool\desktop\copter\copter_graph\copter_graph\x64\debug\kk.obj
d:\users\2cool\desktop\copter\copter_graph\copter_graph\x64\debug\kalman.obj
d:\users\2cool\desktop\copter\copter_graph\copter_graph\x64\debug\graph.obj
d:\users\2cool\desktop\copter\copter_graph\copter_graph\x64\debug\copter_graph.obj
d:\users\2cool\desktop\copter\copter_graph\x64\debug\copter_graph.exe
d:\users\2cool\desktop\copter\copter_graph\x64\debug\copter_graph.ilk
d:\users\2cool\desktop\copter\copter_graph\x64\debug\copter_graph.pdb
d:\users\2cool\desktop\copter\copter_graph\copter_graph\x64\debug\copter_graph.res
d:\users\2cool\desktop\copter\copter_graph\copter_graph\x64\debug\graph.obj.enc
d:\users\2cool\desktop\copter\copter_graph\copter_graph\x64\debug\copter_graph.tlog\cl.command.1.tlog
d:\users\2cool\desktop\copter\copter_graph\copter_graph\x64\debug\copter_graph.tlog\cl.read.1.tlog
d:\users\2cool\desktop\copter\copter_graph\copter_graph\x64\debug\copter_graph.tlog\cl.write.1.tlog
d:\users\2cool\desktop\copter\copter_graph\copter_graph\x64\debug\copter_graph.tlog\link.command.1.tlog
d:\users\2cool\desktop\copter\copter_graph\copter_graph\x64\debug\copter_graph.tlog\link.read.1.tlog
d:\users\2cool\desktop\copter\copter_graph\copter_graph\x64\debug\copter_graph.tlog\link.write.1.tlog
d:\users\2cool\desktop\copter\copter_graph\copter_graph\x64\debug\copter_graph.tlog\rc.command.1.tlog
d:\users\2cool\desktop\copter\copter_graph\copter_graph\x64\debug\copter_graph.tlog\rc.read.1.tlog
d:\users\2cool\desktop\copter\copter_graph\copter_graph\x64\debug\copter_graph.tlog\rc.write.1.tlog
